<?xml version="1.0" encoding="utf-8"?><testsuites><testsuite name="pytest" errors="0" failures="0" skipped="0" tests="9" time="0.040" timestamp="2024-04-07T17:57:18.495942" hostname="Legion-5"><testcase classname="unit_test_calculate_due_date.TestDueDateCalculator" name="test_due_date_calculation_1" time="0.001" /><testcase classname="unit_test_calculate_due_date.TestDueDateCalculator" name="test_due_date_calculation_2" time="0.001" /><testcase classname="unit_test_calculate_due_date.TestDueDateCalculator" name="test_due_date_calculation_3" time="0.001" /><testcase classname="unit_test_calculate_due_date.TestDueDateCalculator" name="test_due_date_calculation_4" time="0.001" /><testcase classname="unit_test_calculate_due_date.TestDueDateCalculator" name="test_due_date_calculation_5" time="0.001" /><testcase classname="unit_test_calculate_due_date.TestDueDateCalculator" name="test_due_date_calculation_6" time="0.001" /><testcase classname="unit_test_calculate_due_date.TestDueDateCalculator" name="test_due_date_calculator_is_configurable" time="0.001" /><testcase classname="unit_test_calculate_due_date.TestDueDateCalculator" name="test_due_date_calculator_is_holiday" time="0.001" /><testcase classname="unit_test_calculate_due_date.TestDueDateCalculator" name="test_due_date_calculator_is_not_holiday" time="0.001" /></testsuite></testsuites>